<?xml version="1.0" encoding="UTF-8"?>
<!-- Generated by org.testng.reporters.JUnitXMLReporter -->
<testsuite ignored="0" hostname="LAPTOP-LSOSPKID" failures="1" tests="2" name="Test" time="26.247" errors="0" timestamp="2023-07-21T16:21:00 IST">
  <testcase classname="qa.tests.Testcase1" name="sampleMethodforEnteringCredetials" time="7.708">
    <skipped/>
  </testcase> <!-- sampleMethodforEnteringCredetials -->
  <testcase classname="qa.tests.Testcase1" name="sampleMethodforEnteringCredetials" time="10.772">
    <failure type="java.lang.AssertionError" message="Element Present expected [true] but found [false]">
      <![CDATA[java.lang.AssertionError: Element Present expected [true] but found [false]
at pageEvents.LoginPageEvents.verifyIfLoginPageisLoaded(LoginPageEvents.java:13)
at qa.tests.Testcase1.sampleMethodforEnteringCredetials(Testcase1.java:20)
at java.base/java.util.ArrayList.forEach(ArrayList.java:1511)
... Removed 30 stack frames]]>
    </failure>
  </testcase> <!-- sampleMethodforEnteringCredetials -->
</testsuite> <!-- Test -->
